{"numTotalTestSuites":6,"numPassedTestSuites":6,"numFailedTestSuites":0,"numPendingTestSuites":0,"numTotalTests":9,"numPassedTests":9,"numFailedTests":0,"numPendingTests":0,"numTodoTests":0,"snapshot":{"added":0,"failure":false,"filesAdded":0,"filesRemoved":0,"filesRemovedList":[],"filesUnmatched":0,"filesUpdated":0,"matched":0,"total":0,"unchecked":0,"uncheckedKeysByFile":[],"unmatched":0,"updated":0,"didUpdate":false},"startTime":1763231453875,"success":true,"testResults":[{"assertionResults":[{"ancestorTitles":["Calculator","add"],"fullName":"Calculator add should add two positive numbers","status":"passed","title":"should add two positive numbers","duration":2.9732079999999996,"failureMessages":[],"meta":{}},{"ancestorTitles":["Calculator","add"],"fullName":"Calculator add should add negative numbers","status":"passed","title":"should add negative numbers","duration":0.738853000000006,"failureMessages":[],"meta":{}},{"ancestorTitles":["Calculator","add"],"fullName":"Calculator add should add zero","status":"passed","title":"should add zero","duration":0.6456579999999974,"failureMessages":[],"meta":{}},{"ancestorTitles":["Calculator","subtract"],"fullName":"Calculator subtract should subtract two numbers","status":"passed","title":"should subtract two numbers","duration":0.5364649999999926,"failureMessages":[],"meta":{}},{"ancestorTitles":["Calculator","subtract"],"fullName":"Calculator subtract should handle negative results","status":"passed","title":"should handle negative results","duration":0.527466000000004,"failureMessages":[],"meta":{}},{"ancestorTitles":["Calculator","multiply"],"fullName":"Calculator multiply should multiply two numbers","status":"passed","title":"should multiply two numbers","duration":0.4969680000000096,"failureMessages":[],"meta":{}},{"ancestorTitles":["Calculator","multiply"],"fullName":"Calculator multiply should multiply by zero","status":"passed","title":"should multiply by zero","duration":0.4261730000000057,"failureMessages":[],"meta":{}},{"ancestorTitles":["Calculator","divide"],"fullName":"Calculator divide should divide two numbers","status":"passed","title":"should divide two numbers","duration":0.4563699999999926,"failureMessages":[],"meta":{}},{"ancestorTitles":["Calculator","divide"],"fullName":"Calculator divide should throw error when dividing by zero","status":"passed","title":"should throw error when dividing by zero","duration":1.1030289999999923,"failureMessages":[],"meta":{}}],"startTime":1763231454049,"endTime":1763231454057.103,"status":"passed","message":"","name":"/home/shigeyasu/Project/allure-github-pages-demo/tests/calculator.test.ts"}]}