{"numTotalTestSuites":2,"numPassedTestSuites":0,"numFailedTestSuites":2,"numPendingTestSuites":0,"numTotalTests":3,"numPassedTests":0,"numFailedTests":0,"numPendingTests":3,"numTodoTests":0,"snapshot":{"added":0,"failure":false,"filesAdded":0,"filesRemoved":0,"filesRemovedList":[],"filesUnmatched":0,"filesUpdated":0,"matched":0,"total":0,"unchecked":0,"uncheckedKeysByFile":[],"unmatched":0,"updated":0,"didUpdate":false},"startTime":1763229428891,"success":false,"testResults":[{"assertionResults":[{"ancestorTitles":["Calculator UI E2E Tests"],"fullName":"Calculator UI E2E Tests 正常系：足し算の計算","status":"skipped","title":"正常系：足し算の計算","failureMessages":[],"meta":{}},{"ancestorTitles":["Calculator UI E2E Tests"],"fullName":"Calculator UI E2E Tests 正常系：引き算の計算","status":"skipped","title":"正常系：引き算の計算","failureMessages":[],"meta":{}},{"ancestorTitles":["Calculator UI E2E Tests"],"fullName":"Calculator UI E2E Tests 異常系：ゼロ除算のエラー表示","status":"skipped","title":"異常系：ゼロ除算のエラー表示","failureMessages":[],"meta":{}}],"startTime":1763229428891,"endTime":1763229428891,"status":"failed","message":"","name":"/home/shigeyasu/Project/allure-github-pages-demo/tests/e2e/calculator-ui.test.ts"}]}